<?xml version="1.0" encoding="UTF-8"?>
<testsuite xmlns:xsi="http://www.w3.org/2001/XMLSchema-instance" xsi:noNamespaceSchemaLocation="https://maven.apache.org/surefire/maven-surefire-plugin/xsd/surefire-test-report.xsd" version="3.0.2" name="com.example.FelineTests" time="0.014" tests="4" errors="0" skipped="0" failures="0">
  <properties>
[...]
</properties>
  <testcase name="getKittensShouldReturnPassedValue" classname="com.example.FelineTests" time="0.003"/>
  <testcase name="getFamilyShouldReturnFamilyCat" classname="com.example.FelineTests" time="0.001"/>
  <testcase name="getKittensShouldReturnDefaultCount" classname="com.example.FelineTests" time="0.002"/>
  <testcase name="eatMeatShouldReturnPredatorFood" classname="com.example.FelineTests" time="0.002"/>
</testsuite>